<?xml version="1.0" encoding="UTF-8"?>
<!-- Generated by org.testng.reporters.JUnitReportReporter -->
<testsuite hostname="L-INE-72Z4T93" failures="0" tests="1" name="Testng1" time="4.517" errors="0" timestamp="2023-09-04T16:34:10 IST" skipped="0">
  <testcase classname="Testng1" name="f" time="4.517"/>
</testsuite> <!-- Testng1 -->
