<?xml version="1.0" encoding="UTF-8"?>
<!-- Generated by org.testng.reporters.JUnitReportReporter -->
<testsuite hostname="L-INE-72Z4T93" failures="0" tests="3" name="Priority" time="73.237" errors="0" timestamp="2023-09-04T17:17:39 IST" skipped="0">
  <testcase classname="Priority" name="f3" time="5.064"/>
  <testcase classname="Priority" name="f2" time="64.428"/>
  <testcase classname="Priority" name="f1" time="3.745"/>
</testsuite> <!-- Priority -->
