<?xml version="1.0" encoding="UTF-8"?>
<!-- Generated by org.testng.reporters.JUnitReportReporter -->
<testsuite hostname="L-INE-72Z4T93" failures="0" tests="1" name="Testng2" time="6.528" errors="0" timestamp="2023-09-04T16:34:10 IST" skipped="0">
  <testcase classname="Testng2" name="f" time="6.528"/>
</testsuite> <!-- Testng2 -->
